This file contains any messages produced by compilers while
running configure, to aid debugging if configure makes a mistake.

It was created by TruncatedNormalCPP configure 0.2.2, which was
generated by GNU Autoconf 2.69.  Invocation command line was

  $ ./configure --no-create --no-recursion

## --------- ##
## Platform. ##
## --------- ##

hostname = iMac000.local
uname -m = x86_64
uname -r = 16.5.0
uname -s = Darwin
uname -v = Darwin Kernel Version 16.5.0: Fri Mar  3 16:52:33 PST 2017; root:xnu-3789.51.2~3/RELEASE_X86_64

/usr/bin/uname -p = i386
/bin/uname -X     = unknown

/bin/arch              = unknown
/usr/bin/arch -k       = unknown
/usr/convex/getsysinfo = unknown
/usr/bin/hostinfo      = Mach kernel version:
	 Darwin Kernel Version 16.5.0: Fri Mar  3 16:52:33 PST 2017; root:xnu-3789.51.2~3/RELEASE_X86_64
Kernel configured for up to 4 processors.
4 processors are physically available.
4 processors are logically available.
Processor type: x86_64h (Intel x86-64h Haswell)
Processors active: 0 1 2 3
Primary memory available: 16.00 gigabytes
Default processor set: 315 tasks, 1194 threads, 4 processors
Load average: 3.02, Mach factor: 0.97
/bin/machine           = unknown
/usr/bin/oslevel       = unknown
/bin/universe          = unknown

PATH: /usr/local/Cellar/git/2.12.2/bin
PATH: /usr/local/opt/coreutils/libexec/gnubin
PATH: /usr/local/bin
PATH: /usr/bin
PATH: /bin
PATH: /usr/sbin
PATH: /sbin
PATH: /Library/TeX/texbin


## ----------- ##
## Core tests. ##
## ----------- ##

configure:2211: checking for a BSD-compatible install
configure:2279: result: /usr/local/opt/coreutils/libexec/gnubin/install -c
configure:2290: checking whether build environment is sane
configure:2345: result: yes
configure:2496: checking for a thread-safe mkdir -p
configure:2535: result: /usr/local/opt/coreutils/libexec/gnubin/mkdir -p
configure:2542: checking for gawk
configure:2572: result: no
configure:2542: checking for mawk
configure:2572: result: no
configure:2542: checking for nawk
configure:2572: result: no
configure:2542: checking for awk
configure:2558: found /usr/bin/awk
configure:2569: result: awk
configure:2580: checking whether make sets $(MAKE)
configure:2602: result: yes
configure:2631: checking whether make supports nested variables
configure:2648: result: yes
configure:2818: checking for ranlib
configure:2834: found /usr/bin/ranlib
configure:2845: result: ranlib
configure:2871: checking build system type
configure:2885: result: x86_64-apple-darwin16.5.0
configure:2905: checking host system type
configure:2918: result: x86_64-apple-darwin16.5.0
configure:3000: checking for g++
configure:3016: found /usr/bin/g++
configure:3027: result: g++
configure:3054: checking for C++ compiler version
configure:3063: g++ --version >&5
Apple LLVM version 8.1.0 (clang-802.0.42)
Target: x86_64-apple-darwin16.5.0
Thread model: posix
InstalledDir: /Library/Developer/CommandLineTools/usr/bin
Configured with: --prefix=/Library/Developer/CommandLineTools/usr --with-gxx-include-dir=/usr/include/c++/4.2.1
configure:3074: $? = 0
configure:3063: g++ -v >&5
Configured with: --prefix=/Library/Developer/CommandLineTools/usr --with-gxx-include-dir=/usr/include/c++/4.2.1
Apple LLVM version 8.1.0 (clang-802.0.42)
Target: x86_64-apple-darwin16.5.0
Thread model: posix
InstalledDir: /Library/Developer/CommandLineTools/usr/bin
configure:3074: $? = 0
configure:3063: g++ -V >&5
clang: error: argument to '-V' is missing (expected 1 value)
clang: error: no input files
configure:3074: $? = 1
configure:3063: g++ -qversion >&5
clang: error: unknown argument: '-qversion'
clang: error: no input files
configure:3074: $? = 1
configure:3094: checking whether the C++ compiler works
configure:3116: g++    conftest.cpp  >&5
configure:3120: $? = 0
configure:3168: result: yes
configure:3171: checking for C++ compiler default output file name
configure:3173: result: a.out
configure:3179: checking for suffix of executables
configure:3186: g++ -o conftest    conftest.cpp  >&5
configure:3190: $? = 0
configure:3212: result: 
configure:3234: checking whether we are cross compiling
configure:3242: g++ -o conftest    conftest.cpp  >&5
configure:3246: $? = 0
configure:3253: ./conftest
configure:3257: $? = 0
configure:3272: result: no
configure:3277: checking for suffix of object files
configure:3299: g++ -c   conftest.cpp >&5
configure:3303: $? = 0
configure:3324: result: o
configure:3328: checking whether we are using the GNU C++ compiler
configure:3347: g++ -c   conftest.cpp >&5
configure:3347: $? = 0
configure:3356: result: yes
configure:3365: checking whether g++ accepts -g
configure:3385: g++ -c -g  conftest.cpp >&5
configure:3385: $? = 0
configure:3426: result: yes
configure:3460: checking for style of include used by make
configure:3488: result: GNU
configure:3514: checking dependency style of g++
configure:3625: result: gcc3
configure:3688: checking for gcc
configure:3704: found /usr/bin/gcc
configure:3715: result: gcc
configure:3944: checking for C compiler version
configure:3953: gcc --version >&5
Apple LLVM version 8.1.0 (clang-802.0.42)
Target: x86_64-apple-darwin16.5.0
Thread model: posix
InstalledDir: /Library/Developer/CommandLineTools/usr/bin
Configured with: --prefix=/Library/Developer/CommandLineTools/usr --with-gxx-include-dir=/usr/include/c++/4.2.1
configure:3964: $? = 0
configure:3953: gcc -v >&5
Configured with: --prefix=/Library/Developer/CommandLineTools/usr --with-gxx-include-dir=/usr/include/c++/4.2.1
Apple LLVM version 8.1.0 (clang-802.0.42)
Target: x86_64-apple-darwin16.5.0
Thread model: posix
InstalledDir: /Library/Developer/CommandLineTools/usr/bin
configure:3964: $? = 0
configure:3953: gcc -V >&5
clang: error: argument to '-V' is missing (expected 1 value)
clang: error: no input files
configure:3964: $? = 1
configure:3953: gcc -qversion >&5
clang: error: unknown argument: '-qversion'
clang: error: no input files
configure:3964: $? = 1
configure:3968: checking whether we are using the GNU C compiler
configure:3987: gcc -c   conftest.c >&5
configure:3987: $? = 0
configure:3996: result: yes
configure:4005: checking whether gcc accepts -g
configure:4025: gcc -c -g  conftest.c >&5
configure:4025: $? = 0
configure:4066: result: yes
configure:4083: checking for gcc option to accept ISO C89
configure:4146: gcc  -c   conftest.c >&5
configure:4146: $? = 0
configure:4159: result: none needed
configure:4184: checking whether gcc understands -c and -o together
configure:4206: gcc -c conftest.c -o conftest2.o
configure:4209: $? = 0
configure:4206: gcc -c conftest.c -o conftest2.o
configure:4209: $? = 0
configure:4221: result: yes
configure:4240: checking dependency style of gcc
configure:4351: result: gcc3
configure:4389: checking whether g++ supports C++14 features by default
configure:4803: g++ -c   conftest.cpp >&5
conftest.cpp:22:2: error: "This is not a C++11 compiler"
#error "This is not a C++11 compiler"
 ^
conftest.cpp:307:2: error: "This is not a C++14 compiler"
#error "This is not a C++14 compiler"
 ^
2 errors generated.
configure:4803: $? = 1
configure: failed program was:
| /* confdefs.h */
| #define PACKAGE_NAME "TruncatedNormalCPP"
| #define PACKAGE_TARNAME "truncatednormalcpp"
| #define PACKAGE_VERSION "0.2.2"
| #define PACKAGE_STRING "TruncatedNormalCPP 0.2.2"
| #define PACKAGE_BUGREPORT "saito@manieth.com"
| #define PACKAGE_URL ""
| #define PACKAGE "truncatednormalcpp"
| #define VERSION "0.2.2"
| /* end confdefs.h.  */
| 
| 
| // If the compiler admits that it is not ready for C++11, why torture it?
| // Hopefully, this will speed up the test.
| 
| #ifndef __cplusplus
| 
| #error "This is not a C++ compiler"
| 
| #elif __cplusplus < 201103L
| 
| #error "This is not a C++11 compiler"
| 
| #else
| 
| namespace cxx11
| {
| 
|   namespace test_static_assert
|   {
| 
|     template <typename T>
|     struct check
|     {
|       static_assert(sizeof(int) <= sizeof(T), "not big enough");
|     };
| 
|   }
| 
|   namespace test_final_override
|   {
| 
|     struct Base
|     {
|       virtual void f() {}
|     };
| 
|     struct Derived : public Base
|     {
|       virtual void f() override {}
|     };
| 
|   }
| 
|   namespace test_double_right_angle_brackets
|   {
| 
|     template < typename T >
|     struct check {};
| 
|     typedef check<void> single_type;
|     typedef check<check<void>> double_type;
|     typedef check<check<check<void>>> triple_type;
|     typedef check<check<check<check<void>>>> quadruple_type;
| 
|   }
| 
|   namespace test_decltype
|   {
| 
|     int
|     f()
|     {
|       int a = 1;
|       decltype(a) b = 2;
|       return a + b;
|     }
| 
|   }
| 
|   namespace test_type_deduction
|   {
| 
|     template < typename T1, typename T2 >
|     struct is_same
|     {
|       static const bool value = false;
|     };
| 
|     template < typename T >
|     struct is_same<T, T>
|     {
|       static const bool value = true;
|     };
| 
|     template < typename T1, typename T2 >
|     auto
|     add(T1 a1, T2 a2) -> decltype(a1 + a2)
|     {
|       return a1 + a2;
|     }
| 
|     int
|     test(const int c, volatile int v)
|     {
|       static_assert(is_same<int, decltype(0)>::value == true, "");
|       static_assert(is_same<int, decltype(c)>::value == false, "");
|       static_assert(is_same<int, decltype(v)>::value == false, "");
|       auto ac = c;
|       auto av = v;
|       auto sumi = ac + av + 'x';
|       auto sumf = ac + av + 1.0;
|       static_assert(is_same<int, decltype(ac)>::value == true, "");
|       static_assert(is_same<int, decltype(av)>::value == true, "");
|       static_assert(is_same<int, decltype(sumi)>::value == true, "");
|       static_assert(is_same<int, decltype(sumf)>::value == false, "");
|       static_assert(is_same<int, decltype(add(c, v))>::value == true, "");
|       return (sumf > 0.0) ? sumi : add(c, v);
|     }
| 
|   }
| 
|   namespace test_noexcept
|   {
| 
|     int f() { return 0; }
|     int g() noexcept { return 0; }
| 
|     static_assert(noexcept(f()) == false, "");
|     static_assert(noexcept(g()) == true, "");
| 
|   }
| 
|   namespace test_constexpr
|   {
| 
|     template < typename CharT >
|     unsigned long constexpr
|     strlen_c_r(const CharT *const s, const unsigned long acc) noexcept
|     {
|       return *s ? strlen_c_r(s + 1, acc + 1) : acc;
|     }
| 
|     template < typename CharT >
|     unsigned long constexpr
|     strlen_c(const CharT *const s) noexcept
|     {
|       return strlen_c_r(s, 0UL);
|     }
| 
|     static_assert(strlen_c("") == 0UL, "");
|     static_assert(strlen_c("1") == 1UL, "");
|     static_assert(strlen_c("example") == 7UL, "");
|     static_assert(strlen_c("another\0example") == 7UL, "");
| 
|   }
| 
|   namespace test_rvalue_references
|   {
| 
|     template < int N >
|     struct answer
|     {
|       static constexpr int value = N;
|     };
| 
|     answer<1> f(int&)       { return answer<1>(); }
|     answer<2> f(const int&) { return answer<2>(); }
|     answer<3> f(int&&)      { return answer<3>(); }
| 
|     void
|     test()
|     {
|       int i = 0;
|       const int c = 0;
|       static_assert(decltype(f(i))::value == 1, "");
|       static_assert(decltype(f(c))::value == 2, "");
|       static_assert(decltype(f(0))::value == 3, "");
|     }
| 
|   }
| 
|   namespace test_uniform_initialization
|   {
| 
|     struct test
|     {
|       static const int zero {};
|       static const int one {1};
|     };
| 
|     static_assert(test::zero == 0, "");
|     static_assert(test::one == 1, "");
| 
|   }
| 
|   namespace test_lambdas
|   {
| 
|     void
|     test1()
|     {
|       auto lambda1 = [](){};
|       auto lambda2 = lambda1;
|       lambda1();
|       lambda2();
|     }
| 
|     int
|     test2()
|     {
|       auto a = [](int i, int j){ return i + j; }(1, 2);
|       auto b = []() -> int { return '0'; }();
|       auto c = [=](){ return a + b; }();
|       auto d = [&](){ return c; }();
|       auto e = [a, &b](int x) mutable {
|         const auto identity = [](int y){ return y; };
|         for (auto i = 0; i < a; ++i)
|           a += b--;
|         return x + identity(a + b);
|       }(0);
|       return a + b + c + d + e;
|     }
| 
|     int
|     test3()
|     {
|       const auto nullary = [](){ return 0; };
|       const auto unary = [](int x){ return x; };
|       using nullary_t = decltype(nullary);
|       using unary_t = decltype(unary);
|       const auto higher1st = [](nullary_t f){ return f(); };
|       const auto higher2nd = [unary](nullary_t f1){
|         return [unary, f1](unary_t f2){ return f2(unary(f1())); };
|       };
|       return higher1st(nullary) + higher2nd(nullary)(unary);
|     }
| 
|   }
| 
|   namespace test_variadic_templates
|   {
| 
|     template <int...>
|     struct sum;
| 
|     template <int N0, int... N1toN>
|     struct sum<N0, N1toN...>
|     {
|       static constexpr auto value = N0 + sum<N1toN...>::value;
|     };
| 
|     template <>
|     struct sum<>
|     {
|       static constexpr auto value = 0;
|     };
| 
|     static_assert(sum<>::value == 0, "");
|     static_assert(sum<1>::value == 1, "");
|     static_assert(sum<23>::value == 23, "");
|     static_assert(sum<1, 2>::value == 3, "");
|     static_assert(sum<5, 5, 11>::value == 21, "");
|     static_assert(sum<2, 3, 5, 7, 11, 13>::value == 41, "");
| 
|   }
| 
|   // http://stackoverflow.com/questions/13728184/template-aliases-and-sfinae
|   // Clang 3.1 fails with headers of libstd++ 4.8.3 when using std::function
|   // because of this.
|   namespace test_template_alias_sfinae
|   {
| 
|     struct foo {};
| 
|     template<typename T>
|     using member = typename T::member_type;
| 
|     template<typename T>
|     void func(...) {}
| 
|     template<typename T>
|     void func(member<T>*) {}
| 
|     void test();
| 
|     void test() { func<foo>(0); }
| 
|   }
| 
| }  // namespace cxx11
| 
| #endif  // __cplusplus >= 201103L
| 
| 
| 
| 
| // If the compiler admits that it is not ready for C++14, why torture it?
| // Hopefully, this will speed up the test.
| 
| #ifndef __cplusplus
| 
| #error "This is not a C++ compiler"
| 
| #elif __cplusplus < 201402L
| 
| #error "This is not a C++14 compiler"
| 
| #else
| 
| namespace cxx14
| {
| 
|   namespace test_polymorphic_lambdas
|   {
| 
|     int
|     test()
|     {
|       const auto lambda = [](auto&&... args){
|         const auto istiny = [](auto x){
|           return (sizeof(x) == 1UL) ? 1 : 0;
|         };
|         const int aretiny[] = { istiny(args)... };
|         return aretiny[0];
|       };
|       return lambda(1, 1L, 1.0f, '1');
|     }
| 
|   }
| 
|   namespace test_binary_literals
|   {
| 
|     constexpr auto ivii = 0b0000000000101010;
|     static_assert(ivii == 42, "wrong value");
| 
|   }
| 
|   namespace test_generalized_constexpr
|   {
| 
|     template < typename CharT >
|     constexpr unsigned long
|     strlen_c(const CharT *const s) noexcept
|     {
|       auto length = 0UL;
|       for (auto p = s; *p; ++p)
|         ++length;
|       return length;
|     }
| 
|     static_assert(strlen_c("") == 0UL, "");
|     static_assert(strlen_c("x") == 1UL, "");
|     static_assert(strlen_c("test") == 4UL, "");
|     static_assert(strlen_c("another\0test") == 7UL, "");
| 
|   }
| 
|   namespace test_lambda_init_capture
|   {
| 
|     int
|     test()
|     {
|       auto x = 0;
|       const auto lambda1 = [a = x](int b){ return a + b; };
|       const auto lambda2 = [a = lambda1(x)](){ return a; };
|       return lambda2();
|     }
| 
|   }
| 
|   namespace test_digit_seperators
|   {
| 
|     constexpr auto ten_million = 100'000'000;
|     static_assert(ten_million == 100000000, "");
| 
|   }
| 
|   namespace test_return_type_deduction
|   {
| 
|     auto f(int& x) { return x; }
|     decltype(auto) g(int& x) { return x; }
| 
|     template < typename T1, typename T2 >
|     struct is_same
|     {
|       static constexpr auto value = false;
|     };
| 
|     template < typename T >
|     struct is_same<T, T>
|     {
|       static constexpr auto value = true;
|     };
| 
|     int
|     test()
|     {
|       auto x = 0;
|       static_assert(is_same<int, decltype(f(x))>::value, "");
|       static_assert(is_same<int&, decltype(g(x))>::value, "");
|       return x;
|     }
| 
|   }
| 
| }  // namespace cxx14
| 
| #endif  // __cplusplus >= 201402L
| 
| 
| 
configure:4810: result: no
configure:4821: checking whether g++ supports C++14 features with -std=c++14
configure:5237: g++ -std=c++14 -c   conftest.cpp >&5
configure:5237: $? = 0
configure:5246: result: yes
configure:5285: checking whether g++ -std=c++14 supports C++11 features by default
configure:5579: g++ -std=c++14 -c   conftest.cpp >&5
configure:5579: $? = 0
configure:5586: result: yes
configure:5940: checking how to run the C++ preprocessor
configure:5967: g++ -std=c++14 -E  conftest.cpp
configure:5967: $? = 0
configure:5981: g++ -std=c++14 -E  conftest.cpp
conftest.cpp:13:10: fatal error: 'ac_nonexistent.h' file not found
#include <ac_nonexistent.h>
         ^
1 error generated.
configure:5981: $? = 1
configure: failed program was:
| /* confdefs.h */
| #define PACKAGE_NAME "TruncatedNormalCPP"
| #define PACKAGE_TARNAME "truncatednormalcpp"
| #define PACKAGE_VERSION "0.2.2"
| #define PACKAGE_STRING "TruncatedNormalCPP 0.2.2"
| #define PACKAGE_BUGREPORT "saito@manieth.com"
| #define PACKAGE_URL ""
| #define PACKAGE "truncatednormalcpp"
| #define VERSION "0.2.2"
| #define HAVE_CXX14 1
| #define HAVE_CXX11 1
| /* end confdefs.h.  */
| #include <ac_nonexistent.h>
configure:6006: result: g++ -std=c++14 -E
configure:6026: g++ -std=c++14 -E  conftest.cpp
configure:6026: $? = 0
configure:6040: g++ -std=c++14 -E  conftest.cpp
conftest.cpp:13:10: fatal error: 'ac_nonexistent.h' file not found
#include <ac_nonexistent.h>
         ^
1 error generated.
configure:6040: $? = 1
configure: failed program was:
| /* confdefs.h */
| #define PACKAGE_NAME "TruncatedNormalCPP"
| #define PACKAGE_TARNAME "truncatednormalcpp"
| #define PACKAGE_VERSION "0.2.2"
| #define PACKAGE_STRING "TruncatedNormalCPP 0.2.2"
| #define PACKAGE_BUGREPORT "saito@manieth.com"
| #define PACKAGE_URL ""
| #define PACKAGE "truncatednormalcpp"
| #define VERSION "0.2.2"
| #define HAVE_CXX14 1
| #define HAVE_CXX11 1
| /* end confdefs.h.  */
| #include <ac_nonexistent.h>
configure:6069: checking for grep that handles long lines and -e
configure:6127: result: /usr/bin/grep
configure:6132: checking for egrep
configure:6194: result: /usr/bin/grep -E
configure:6199: checking for ANSI C header files
configure:6219: g++ -std=c++14 -c   conftest.cpp >&5
configure:6219: $? = 0
configure:6292: g++ -std=c++14 -o conftest    conftest.cpp  >&5
configure:6292: $? = 0
configure:6292: ./conftest
configure:6292: $? = 0
configure:6303: result: yes
configure:6316: checking for sys/types.h
configure:6316: g++ -std=c++14 -c   conftest.cpp >&5
configure:6316: $? = 0
configure:6316: result: yes
configure:6316: checking for sys/stat.h
configure:6316: g++ -std=c++14 -c   conftest.cpp >&5
configure:6316: $? = 0
configure:6316: result: yes
configure:6316: checking for stdlib.h
configure:6316: g++ -std=c++14 -c   conftest.cpp >&5
configure:6316: $? = 0
configure:6316: result: yes
configure:6316: checking for string.h
configure:6316: g++ -std=c++14 -c   conftest.cpp >&5
configure:6316: $? = 0
configure:6316: result: yes
configure:6316: checking for memory.h
configure:6316: g++ -std=c++14 -c   conftest.cpp >&5
configure:6316: $? = 0
configure:6316: result: yes
configure:6316: checking for strings.h
configure:6316: g++ -std=c++14 -c   conftest.cpp >&5
configure:6316: $? = 0
configure:6316: result: yes
configure:6316: checking for inttypes.h
configure:6316: g++ -std=c++14 -c   conftest.cpp >&5
configure:6316: $? = 0
configure:6316: result: yes
configure:6316: checking for stdint.h
configure:6316: g++ -std=c++14 -c   conftest.cpp >&5
configure:6316: $? = 0
configure:6316: result: yes
configure:6316: checking for unistd.h
configure:6316: g++ -std=c++14 -c   conftest.cpp >&5
configure:6316: $? = 0
configure:6316: result: yes
configure:6331: checking for inttypes.h
configure:6331: result: yes
configure:6331: checking for stdint.h
configure:6331: result: yes
configure:6331: checking for stdlib.h
configure:6331: result: yes
configure:6390: checking for boostlib >= 1.48
configure:6473: g++ -std=c++14 -c   -I/usr/local/include conftest.cpp >&5
configure:6473: $? = 0
configure:6475: result: yes
configure:6633: checking boost/numeric/ublas/vector.hpp usability
configure:6633: g++ -std=c++14 -c   conftest.cpp >&5
configure:6633: $? = 0
configure:6633: result: yes
configure:6633: checking boost/numeric/ublas/vector.hpp presence
configure:6633: g++ -std=c++14 -E  conftest.cpp
configure:6633: $? = 0
configure:6633: result: yes
configure:6633: checking for boost/numeric/ublas/vector.hpp
configure:6633: result: yes
configure:6642: checking boost/numeric/ublas/matrix.hpp usability
configure:6642: g++ -std=c++14 -c   conftest.cpp >&5
configure:6642: $? = 0
configure:6642: result: yes
configure:6642: checking boost/numeric/ublas/matrix.hpp presence
configure:6642: g++ -std=c++14 -E  conftest.cpp
configure:6642: $? = 0
configure:6642: result: yes
configure:6642: checking for boost/numeric/ublas/matrix.hpp
configure:6642: result: yes
configure:6651: checking boost/numeric/ublas/io.hpp usability
configure:6651: g++ -std=c++14 -c   conftest.cpp >&5
configure:6651: $? = 0
configure:6651: result: yes
configure:6651: checking boost/numeric/ublas/io.hpp presence
configure:6651: g++ -std=c++14 -E  conftest.cpp
configure:6651: $? = 0
configure:6651: result: yes
configure:6651: checking for boost/numeric/ublas/io.hpp
configure:6651: result: yes
configure:6660: checking boost/numeric/ublas/lu.hpp usability
configure:6660: g++ -std=c++14 -c   conftest.cpp >&5
configure:6660: $? = 0
configure:6660: result: yes
configure:6660: checking boost/numeric/ublas/lu.hpp presence
configure:6660: g++ -std=c++14 -E  conftest.cpp
configure:6660: $? = 0
configure:6660: result: yes
configure:6660: checking for boost/numeric/ublas/lu.hpp
configure:6660: result: yes
configure:6669: checking boost/numeric/ublas/triangular.hpp usability
configure:6669: g++ -std=c++14 -c   conftest.cpp >&5
configure:6669: $? = 0
configure:6669: result: yes
configure:6669: checking boost/numeric/ublas/triangular.hpp presence
configure:6669: g++ -std=c++14 -E  conftest.cpp
configure:6669: $? = 0
configure:6669: result: yes
configure:6669: checking for boost/numeric/ublas/triangular.hpp
configure:6669: result: yes
configure:6691: checking for __builtin_popcount
configure:6710: gcc -o conftest    conftest.c  >&5
conftest.c:32:13: warning: ignoring return value of function declared with const attribute [-Wunused-value]
            __builtin_popcount(0)
            ^~~~~~~~~~~~~~~~~~ ~
1 warning generated.
configure:6710: $? = 0
configure:6719: result: yes
configure:6735: checking for __builtin_popcountl
configure:6754: gcc -o conftest    conftest.c  >&5
conftest.c:33:13: warning: ignoring return value of function declared with const attribute [-Wunused-value]
            __builtin_popcountl(0)
            ^~~~~~~~~~~~~~~~~~~ ~
1 warning generated.
configure:6754: $? = 0
configure:6763: result: yes
configure:6779: checking for __builtin_popcountll
configure:6798: gcc -o conftest    conftest.c  >&5
conftest.c:34:13: warning: ignoring return value of function declared with const attribute [-Wunused-value]
            __builtin_popcountll(0)
            ^~~~~~~~~~~~~~~~~~~~ ~
1 warning generated.
configure:6798: $? = 0
configure:6807: result: yes
configure:6825: checking for doxygen
configure:6841: found /usr/local/bin/doxygen
configure:6852: result: doxygen
configure:6987: checking that generated files are newer than configure
configure:6993: result: done
configure:7024: creating ./config.status

## ---------------- ##
## Cache variables. ##
## ---------------- ##

ac_cv_build=x86_64-apple-darwin16.5.0
ac_cv_c_compiler_gnu=yes
ac_cv_cxx_compiler_gnu=yes
ac_cv_env_CCC_set=
ac_cv_env_CCC_value=
ac_cv_env_CC_set=
ac_cv_env_CC_value=
ac_cv_env_CFLAGS_set=
ac_cv_env_CFLAGS_value=
ac_cv_env_CPPFLAGS_set=
ac_cv_env_CPPFLAGS_value=
ac_cv_env_CXXCPP_set=
ac_cv_env_CXXCPP_value=
ac_cv_env_CXXFLAGS_set=
ac_cv_env_CXXFLAGS_value=
ac_cv_env_CXX_set=
ac_cv_env_CXX_value=
ac_cv_env_LDFLAGS_set=
ac_cv_env_LDFLAGS_value=
ac_cv_env_LIBS_set=
ac_cv_env_LIBS_value=
ac_cv_env_build_alias_set=
ac_cv_env_build_alias_value=
ac_cv_env_host_alias_set=
ac_cv_env_host_alias_value=
ac_cv_env_target_alias_set=
ac_cv_env_target_alias_value=
ac_cv_header_boost_numeric_ublas_io_hpp=yes
ac_cv_header_boost_numeric_ublas_lu_hpp=yes
ac_cv_header_boost_numeric_ublas_matrix_hpp=yes
ac_cv_header_boost_numeric_ublas_triangular_hpp=yes
ac_cv_header_boost_numeric_ublas_vector_hpp=yes
ac_cv_header_inttypes_h=yes
ac_cv_header_memory_h=yes
ac_cv_header_stdc=yes
ac_cv_header_stdint_h=yes
ac_cv_header_stdlib_h=yes
ac_cv_header_string_h=yes
ac_cv_header_strings_h=yes
ac_cv_header_sys_stat_h=yes
ac_cv_header_sys_types_h=yes
ac_cv_header_unistd_h=yes
ac_cv_host=x86_64-apple-darwin16.5.0
ac_cv_objext=o
ac_cv_path_EGREP='/usr/bin/grep -E'
ac_cv_path_GREP=/usr/bin/grep
ac_cv_path_install='/usr/local/opt/coreutils/libexec/gnubin/install -c'
ac_cv_path_mkdir=/usr/local/opt/coreutils/libexec/gnubin/mkdir
ac_cv_prog_AWK=awk
ac_cv_prog_CXXCPP='g++ -std=c++14 -E'
ac_cv_prog_DOXYGEN=doxygen
ac_cv_prog_ac_ct_CC=gcc
ac_cv_prog_ac_ct_CXX=g++
ac_cv_prog_ac_ct_RANLIB=ranlib
ac_cv_prog_cc_c89=
ac_cv_prog_cc_g=yes
ac_cv_prog_cxx_g=yes
ac_cv_prog_make_make_set=yes
am_cv_CC_dependencies_compiler_type=gcc3
am_cv_CXX_dependencies_compiler_type=gcc3
am_cv_make_support_nested_variables=yes
am_cv_prog_cc_c_o=yes
ax_cv_cxx_compile_cxx11=yes
ax_cv_cxx_compile_cxx14=no
ax_cv_cxx_compile_cxx14__std_cpp14=yes
ax_cv_have___builtin_popcount=yes
ax_cv_have___builtin_popcountl=yes
ax_cv_have___builtin_popcountll=yes

## ----------------- ##
## Output variables. ##
## ----------------- ##

ACLOCAL='${SHELL} /Users/saito/git/mkt/TruncatedNormalCPP/missing aclocal-1.15'
AMDEPBACKSLASH='\'
AMDEP_FALSE='#'
AMDEP_TRUE=''
AMTAR='$${TAR-tar}'
AM_BACKSLASH='\'
AM_DEFAULT_V='$(AM_DEFAULT_VERBOSITY)'
AM_DEFAULT_VERBOSITY='1'
AM_V='$(V)'
AUTOCONF='${SHELL} /Users/saito/git/mkt/TruncatedNormalCPP/missing autoconf'
AUTOHEADER='${SHELL} /Users/saito/git/mkt/TruncatedNormalCPP/missing autoheader'
AUTOMAKE='${SHELL} /Users/saito/git/mkt/TruncatedNormalCPP/missing automake-1.15'
AWK='awk'
BOOST_CPPFLAGS='-I/usr/local/include'
BOOST_LDFLAGS='-L/usr/local/lib'
CC='gcc'
CCDEPMODE='depmode=gcc3'
CFLAGS=''
CPPFLAGS=''
CXX='g++ -std=c++14'
CXXCPP='g++ -std=c++14 -E'
CXXDEPMODE='depmode=gcc3'
CXXFLAGS=''
CYGPATH_W='echo'
DEFS='-DHAVE_CONFIG_H'
DEPDIR='.deps'
DOXYGEN='doxygen'
ECHO_C='\c'
ECHO_N=''
ECHO_T=''
EGREP='/usr/bin/grep -E'
EXEEXT=''
GREP='/usr/bin/grep'
HAVE_CXX11='1'
HAVE_CXX14='1'
HAVE_DOXYGEN_FALSE='#'
HAVE_DOXYGEN_TRUE=''
INSTALL_DATA='${INSTALL} -m 644'
INSTALL_PROGRAM='${INSTALL}'
INSTALL_SCRIPT='${INSTALL}'
INSTALL_STRIP_PROGRAM='$(install_sh) -c -s'
LDFLAGS=''
LIBOBJS=''
LIBS=''
LTLIBOBJS=''
MAKEINFO='${SHELL} /Users/saito/git/mkt/TruncatedNormalCPP/missing makeinfo'
MKDIR_P='/usr/local/opt/coreutils/libexec/gnubin/mkdir -p'
OBJEXT='o'
PACKAGE='truncatednormalcpp'
PACKAGE_BUGREPORT='saito@manieth.com'
PACKAGE_NAME='TruncatedNormalCPP'
PACKAGE_STRING='TruncatedNormalCPP 0.2.2'
PACKAGE_TARNAME='truncatednormalcpp'
PACKAGE_URL=''
PACKAGE_VERSION='0.2.2'
PATH_SEPARATOR=':'
RANLIB='ranlib'
SET_MAKE=''
SHELL='/bin/sh'
STRIP=''
VERSION='0.2.2'
ac_ct_CC='gcc'
ac_ct_CXX='g++'
am__EXEEXT_FALSE=''
am__EXEEXT_TRUE='#'
am__fastdepCC_FALSE='#'
am__fastdepCC_TRUE=''
am__fastdepCXX_FALSE='#'
am__fastdepCXX_TRUE=''
am__include='include'
am__isrc=''
am__leading_dot='.'
am__nodep='_no'
am__quote=''
am__tar='$${TAR-tar} chof - "$$tardir"'
am__untar='$${TAR-tar} xf -'
bindir='${exec_prefix}/bin'
build='x86_64-apple-darwin16.5.0'
build_alias=''
build_cpu='x86_64'
build_os='darwin16.5.0'
build_vendor='apple'
datadir='${datarootdir}'
datarootdir='${prefix}/share'
docdir='${datarootdir}/doc/${PACKAGE_TARNAME}'
dvidir='${docdir}'
exec_prefix='${prefix}'
host='x86_64-apple-darwin16.5.0'
host_alias=''
host_cpu='x86_64'
host_os='darwin16.5.0'
host_vendor='apple'
htmldir='${docdir}'
includedir='${prefix}/include'
infodir='${datarootdir}/info'
install_sh='${SHELL} /Users/saito/git/mkt/TruncatedNormalCPP/install-sh'
libdir='${exec_prefix}/lib'
libexecdir='${exec_prefix}/libexec'
localedir='${datarootdir}/locale'
localstatedir='${prefix}/var'
mandir='${datarootdir}/man'
mkdir_p='$(MKDIR_P)'
oldincludedir='/usr/include'
pdfdir='${docdir}'
prefix='/usr/local'
program_transform_name='s,x,x,'
psdir='${docdir}'
sbindir='${exec_prefix}/sbin'
sharedstatedir='${prefix}/com'
sysconfdir='${prefix}/etc'
target_alias=''

## ----------- ##
## confdefs.h. ##
## ----------- ##

/* confdefs.h */
#define PACKAGE_NAME "TruncatedNormalCPP"
#define PACKAGE_TARNAME "truncatednormalcpp"
#define PACKAGE_VERSION "0.2.2"
#define PACKAGE_STRING "TruncatedNormalCPP 0.2.2"
#define PACKAGE_BUGREPORT "saito@manieth.com"
#define PACKAGE_URL ""
#define PACKAGE "truncatednormalcpp"
#define VERSION "0.2.2"
#define HAVE_CXX14 1
#define HAVE_CXX11 1
#define STDC_HEADERS 1
#define HAVE_SYS_TYPES_H 1
#define HAVE_SYS_STAT_H 1
#define HAVE_STDLIB_H 1
#define HAVE_STRING_H 1
#define HAVE_MEMORY_H 1
#define HAVE_STRINGS_H 1
#define HAVE_INTTYPES_H 1
#define HAVE_STDINT_H 1
#define HAVE_UNISTD_H 1
#define HAVE_INTTYPES_H 1
#define HAVE_STDINT_H 1
#define HAVE_STDLIB_H 1
#define HAVE_BOOST /**/
#define HAVE___BUILTIN_POPCOUNT 1
#define HAVE___BUILTIN_POPCOUNTL 1
#define HAVE___BUILTIN_POPCOUNTLL 1

configure: exit 0

## ---------------------- ##
## Running config.status. ##
## ---------------------- ##

This file was extended by TruncatedNormalCPP config.status 0.2.2, which was
generated by GNU Autoconf 2.69.  Invocation command line was

  CONFIG_FILES    = 
  CONFIG_HEADERS  = 
  CONFIG_LINKS    = 
  CONFIG_COMMANDS = 
  $ ./config.status 

on iMac000.local

config.status:887: creating Makefile
config.status:887: creating src/Makefile
config.status:887: creating include/Makefile
config.status:887: creating example/Makefile
config.status:887: creating doxygen/Makefile
config.status:887: creating src/config.h
config.status:1116: executing depfiles commands

## ---------------------- ##
## Running config.status. ##
## ---------------------- ##

This file was extended by TruncatedNormalCPP config.status 0.2.2, which was
generated by GNU Autoconf 2.69.  Invocation command line was

  CONFIG_FILES    = 
  CONFIG_HEADERS  = 
  CONFIG_LINKS    = 
  CONFIG_COMMANDS = 
  $ ./config.status src/config.h

on iMac000.local

config.status:887: creating src/config.h
config.status:1068: src/config.h is unchanged
